# JRE version: OpenJDK Runtime Environment Temurin-17.0.7+7 (17.0.7+7) (build 17.0.7+7)
# Java VM: OpenJDK 64-Bit Server VM Temurin-17.0.7+7 (17.0.7+7, mixed mode, tiered, compressed oops, compressed class ptrs, parallel gc, windows-amd64)
GC Precious Log:
 CPUs: 2 total, 2 available
 Memory: 7037M
 Large Page Support: Disabled
 NUMA Support: Disabled
 Compressed Oops: Enabled (32-bit)
 Alignments: Space 512K, Generation 512K, Heap 2M
 Heap Min Capacity: 100M
 Heap Initial Capacity: 100M
 Heap Max Capacity: 1G
 Pre-touch: Disabled
 Parallel Workers: 2
Heap:
 PSYoungGen      total 3072K, used 2784K [0x00000000eab00000, 0x00000000eb100000, 0x0000000100000000)
  eden space 1536K, 100% used [0x00000000eab00000,0x00000000eac80000,0x00000000eac80000)
  from space 1536K, 81% used [0x00000000eac80000,0x00000000eadb8000,0x00000000eae00000)
  to   space 2048K, 19% used [0x00000000eaf00000,0x00000000eaf64010,0x00000000eb100000)
 ParOldGen       total 168448K, used 145445K [0x00000000c0000000, 0x00000000ca480000, 0x00000000eab00000)
  object space 168448K, 86% used [0x00000000c0000000,0x00000000c8e09778,0x00000000ca480000)
 Metaspace       used 87574K, committed 88640K, reserved 1179648K
  class space    used 8800K, committed 9280K, reserved 1048576K
GC Heap History (20 events):
Event: 3798.130 GC heap after
{Heap after GC invocations=3834 (full 107):
 PSYoungGen      total 3584K, used 1417K [0x00000000eab00000, 0x00000000eb000000, 0x0000000100000000)
  eden space 2048K, 0% used [0x00000000eab00000,0x00000000eab00000,0x00000000ead00000)
  from space 1536K, 92% used [0x00000000eae80000,0x00000000eafe2400,0x00000000eb000000)
  to   space 1536K, 0% used [0x00000000ead00000,0x00000000ead00000,0x00000000eae80000)
 ParOldGen       total 168448K, used 138885K [0x00000000c0000000, 0x00000000ca480000, 0x00000000eab00000)
  object space 168448K, 82% used [0x00000000c0000000,0x00000000c87a15b0,0x00000000ca480000)
 Metaspace       used 87573K, committed 88640K, reserved 1179648K
  class space    used 8800K, committed 9280K, reserved 1048576K
}
Event: 3798.140 GC heap before
{Heap before GC invocations=3835 (full 107):
 PSYoungGen      total 3584K, used 3465K [0x00000000eab00000, 0x00000000eb000000, 0x0000000100000000)
  eden space 2048K, 100% used [0x00000000eab00000,0x00000000ead00000,0x00000000ead00000)
  from space 1536K, 92% used [0x00000000eae80000,0x00000000eafe2400,0x00000000eb000000)
  to   space 1536K, 0% used [0x00000000ead00000,0x00000000ead00000,0x00000000eae80000)
 ParOldGen       total 168448K, used 138885K [0x00000000c0000000, 0x00000000ca480000, 0x00000000eab00000)
  object space 168448K, 82% used [0x00000000c0000000,0x00000000c87a15b0,0x00000000ca480000)
 Metaspace       used 87573K, committed 88640K, reserved 1179648K
  class space    used 8800K, committed 9280K, reserved 1048576K
}
Event: 3798.146 GC heap after
{Heap after GC invocations=3835 (full 107):
 PSYoungGen      total 3584K, used 1032K [0x00000000eab00000, 0x00000000eb080000, 0x0000000100000000)
  eden space 2048K, 0% used [0x00000000eab00000,0x00000000eab00000,0x00000000ead00000)
  from space 1536K, 67% used [0x00000000ead00000,0x00000000eae022d0,0x00000000eae80000)
  to   space 1536K, 0% used [0x00000000eaf00000,0x00000000eaf00000,0x00000000eb080000)
 ParOldGen       total 168448K, used 140189K [0x00000000c0000000, 0x00000000ca480000, 0x00000000eab00000)
  object space 168448K, 83% used [0x00000000c0000000,0x00000000c88e75b0,0x00000000ca480000)
 Metaspace       used 87573K, committed 88640K, reserved 1179648K
  class space    used 8800K, committed 9280K, reserved 1048576K
}
Event: 3798.151 GC heap before
{Heap before GC invocations=3836 (full 107):
 PSYoungGen      total 3584K, used 3080K [0x00000000eab00000, 0x00000000eb080000, 0x0000000100000000)
  eden space 2048K, 100% used [0x00000000eab00000,0x00000000ead00000,0x00000000ead00000)
  from space 1536K, 67% used [0x00000000ead00000,0x00000000eae022d0,0x00000000eae80000)
  to   space 1536K, 0% used [0x00000000eaf00000,0x00000000eaf00000,0x00000000eb080000)
 ParOldGen       total 168448K, used 140189K [0x00000000c0000000, 0x00000000ca480000, 0x00000000eab00000)
  object space 168448K, 83% used [0x00000000c0000000,0x00000000c88e75b0,0x00000000ca480000)
 Metaspace       used 87573K, committed 88640K, reserved 1179648K
  class space    used 8800K, committed 9280K, reserved 1048576K
}
Event: 3798.154 GC heap after
{Heap after GC invocations=3836 (full 107):
 PSYoungGen      total 3072K, used 0K [0x00000000eab00000, 0x00000000eaf80000, 0x0000000100000000)
  eden space 2560K, 0% used [0x00000000eab00000,0x00000000eab00000,0x00000000ead80000)
  from space 512K, 0% used [0x00000000eaf00000,0x00000000eaf00000,0x00000000eaf80000)
  to   space 512K, 0% used [0x00000000eae80000,0x00000000eae80000,0x00000000eaf00000)
 ParOldGen       total 168448K, used 141214K [0x00000000c0000000, 0x00000000ca480000, 0x00000000eab00000)
  object space 168448K, 83% used [0x00000000c0000000,0x00000000c89e7880,0x00000000ca480000)
 Metaspace       used 87573K, committed 88640K, reserved 1179648K
  class space    used 8800K, committed 9280K, reserved 1048576K
}
Event: 3798.160 GC heap before
{Heap before GC invocations=3837 (full 107):
 PSYoungGen      total 3072K, used 2560K [0x00000000eab00000, 0x00000000eaf80000, 0x0000000100000000)
  eden space 2560K, 100% used [0x00000000eab00000,0x00000000ead80000,0x00000000ead80000)
  from space 512K, 0% used [0x00000000eaf00000,0x00000000eaf00000,0x00000000eaf80000)
  to   space 512K, 0% used [0x00000000eae80000,0x00000000eae80000,0x00000000eaf00000)
 ParOldGen       total 168448K, used 141214K [0x00000000c0000000, 0x00000000ca480000, 0x00000000eab00000)
  object space 168448K, 83% used [0x00000000c0000000,0x00000000c89e7880,0x00000000ca480000)
 Metaspace       used 87573K, committed 88640K, reserved 1179648K
  class space    used 8800K, committed 9280K, reserved 1048576K
}
Event: 3798.161 GC heap after
{Heap after GC invocations=3837 (full 107):
 PSYoungGen      total 3584K, used 32K [0x00000000eab00000, 0x00000000eaf80000, 0x0000000100000000)
  eden space 3072K, 0% used [0x00000000eab00000,0x00000000eab00000,0x00000000eae00000)
  from space 512K, 6% used [0x00000000eae80000,0x00000000eae88000,0x00000000eaf00000)
  to   space 512K, 0% used [0x00000000eaf00000,0x00000000eaf00000,0x00000000eaf80000)
 ParOldGen       total 168448K, used 141214K [0x00000000c0000000, 0x00000000ca480000, 0x00000000eab00000)
  object space 168448K, 83% used [0x00000000c0000000,0x00000000c89e7880,0x00000000ca480000)
 Metaspace       used 87573K, committed 88640K, reserved 1179648K
  class space    used 8800K, committed 9280K, reserved 1048576K
}
Event: 3798.171 GC heap before
{Heap before GC invocations=3838 (full 107):
 PSYoungGen      total 3584K, used 3104K [0x00000000eab00000, 0x00000000eaf80000, 0x0000000100000000)
  eden space 3072K, 100% used [0x00000000eab00000,0x00000000eae00000,0x00000000eae00000)
  from space 512K, 6% used [0x00000000eae80000,0x00000000eae88000,0x00000000eaf00000)
  to   space 512K, 0% used [0x00000000eaf00000,0x00000000eaf00000,0x00000000eaf80000)
 ParOldGen       total 168448K, used 141214K [0x00000000c0000000, 0x00000000ca480000, 0x00000000eab00000)
  object space 168448K, 83% used [0x00000000c0000000,0x00000000c89e7880,0x00000000ca480000)
 Metaspace       used 87573K, committed 88640K, reserved 1179648K
  class space    used 8800K, committed 9280K, reserved 1048576K
}
Event: 3798.172 GC heap after
{Heap after GC invocations=3838 (full 107):
 PSYoungGen      total 4096K, used 160K [0x00000000eab00000, 0x00000000eb000000, 0x0000000100000000)
  eden space 3584K, 0% used [0x00000000eab00000,0x00000000eab00000,0x00000000eae80000)
  from space 512K, 31% used [0x00000000eaf00000,0x00000000eaf28000,0x00000000eaf80000)
  to   space 512K, 0% used [0x00000000eae80000,0x00000000eae80000,0x00000000eaf00000)
 ParOldGen       total 168448K, used 141214K [0x00000000c0000000, 0x00000000ca480000, 0x00000000eab00000)
  object space 168448K, 83% used [0x00000000c0000000,0x00000000c89e7880,0x00000000ca480000)
 Metaspace       used 87573K, committed 88640K, reserved 1179648K
  class space    used 8800K, committed 9280K, reserved 1048576K
}
Event: 3798.206 GC heap before
{Heap before GC invocations=3839 (full 107):
 PSYoungGen      total 4096K, used 3744K [0x00000000eab00000, 0x00000000eb000000, 0x0000000100000000)
  eden space 3584K, 100% used [0x00000000eab00000,0x00000000eae80000,0x00000000eae80000)
  from space 512K, 31% used [0x00000000eaf00000,0x00000000eaf28000,0x00000000eaf80000)
  to   space 512K, 0% used [0x00000000eae80000,0x00000000eae80000,0x00000000eaf00000)
 ParOldGen       total 168448K, used 141214K [0x00000000c0000000, 0x00000000ca480000, 0x00000000eab00000)
  object space 168448K, 83% used [0x00000000c0000000,0x00000000c89e7880,0x00000000ca480000)
 Metaspace       used 87573K, committed 88640K, reserved 1179648K
  class space    used 8800K, committed 9280K, reserved 1048576K
}
Event: 3798.209 GC heap after
{Heap after GC invocations=3839 (full 107):
 PSYoungGen      total 4096K, used 512K [0x00000000eab00000, 0x00000000eb180000, 0x0000000100000000)
  eden space 3584K, 0% used [0x00000000eab00000,0x00000000eab00000,0x00000000eae80000)
  from space 512K, 100% used [0x00000000eae80000,0x00000000eaf00000,0x00000000eaf00000)
  to   space 1024K, 0% used [0x00000000eb080000,0x00000000eb080000,0x00000000eb180000)
 ParOldGen       total 168448K, used 141567K [0x00000000c0000000, 0x00000000ca480000, 0x00000000eab00000)
  object space 168448K, 84% used [0x00000000c0000000,0x00000000c8a3ff58,0x00000000ca480000)
 Metaspace       used 87573K, committed 88640K, reserved 1179648K
  class space    used 8800K, committed 9280K, reserved 1048576K
}
Event: 3798.857 GC heap before
{Heap before GC invocations=3840 (full 107):
 PSYoungGen      total 4096K, used 4096K [0x00000000eab00000, 0x00000000eb180000, 0x0000000100000000)
  eden space 3584K, 100% used [0x00000000eab00000,0x00000000eae80000,0x00000000eae80000)
  from space 512K, 100% used [0x00000000eae80000,0x00000000eaf00000,0x00000000eaf00000)
  to   space 1024K, 0% used [0x00000000eb080000,0x00000000eb080000,0x00000000eb180000)
 ParOldGen       total 168448K, used 141567K [0x00000000c0000000, 0x00000000ca480000, 0x00000000eab00000)
  object space 168448K, 84% used [0x00000000c0000000,0x00000000c8a3ff58,0x00000000ca480000)
 Metaspace       used 87574K, committed 88640K, reserved 1179648K
  class space    used 8800K, committed 9280K, reserved 1048576K
}
Event: 3798.860 GC heap after
{Heap after GC invocations=3840 (full 107):
 PSYoungGen      total 4096K, used 320K [0x00000000eab00000, 0x00000000eb100000, 0x0000000100000000)
  eden space 3584K, 0% used [0x00000000eab00000,0x00000000eab00000,0x00000000eae80000)
  from space 512K, 62% used [0x00000000eb080000,0x00000000eb0d0000,0x00000000eb100000)
  to   space 1024K, 0% used [0x00000000eaf00000,0x00000000eaf00000,0x00000000eb000000)
 ParOldGen       total 168448K, used 142098K [0x00000000c0000000, 0x00000000ca480000, 0x00000000eab00000)
  object space 168448K, 84% used [0x00000000c0000000,0x00000000c8ac4898,0x00000000ca480000)
 Metaspace       used 87574K, committed 88640K, reserved 1179648K
  class space    used 8800K, committed 9280K, reserved 1048576K
}
Event: 3799.217 GC heap before
{Heap before GC invocations=3841 (full 107):
 PSYoungGen      total 4096K, used 3904K [0x00000000eab00000, 0x00000000eb100000, 0x0000000100000000)
  eden space 3584K, 100% used [0x00000000eab00000,0x00000000eae80000,0x00000000eae80000)
  from space 512K, 62% used [0x00000000eb080000,0x00000000eb0d0000,0x00000000eb100000)
  to   space 1024K, 0% used [0x00000000eaf00000,0x00000000eaf00000,0x00000000eb000000)
 ParOldGen       total 168448K, used 142098K [0x00000000c0000000, 0x00000000ca480000, 0x00000000eab00000)
  object space 168448K, 84% used [0x00000000c0000000,0x00000000c8ac4898,0x00000000ca480000)
 Metaspace       used 87574K, committed 88640K, reserved 1179648K
  class space    used 8800K, committed 9280K, reserved 1048576K
}
Event: 3799.220 GC heap after
{Heap after GC invocations=3841 (full 107):
 PSYoungGen      total 4608K, used 992K [0x00000000eab00000, 0x00000000eb180000, 0x0000000100000000)
  eden space 3584K, 0% used [0x00000000eab00000,0x00000000eab00000,0x00000000eae80000)
  from space 1024K, 96% used [0x00000000eaf00000,0x00000000eaff8000,0x00000000eb000000)
  to   space 1536K, 0% used [0x00000000eb000000,0x00000000eb000000,0x00000000eb180000)
 ParOldGen       total 168448K, used 142378K [0x00000000c0000000, 0x00000000ca480000, 0x00000000eab00000)
  object space 168448K, 84% used [0x00000000c0000000,0x00000000c8b0a898,0x00000000ca480000)
 Metaspace       used 87574K, committed 88640K, reserved 1179648K
  class space    used 8800K, committed 9280K, reserved 1048576K
}
Event: 3799.255 GC heap before
{Heap before GC invocations=3842 (full 107):
 PSYoungGen      total 4608K, used 4575K [0x00000000eab00000, 0x00000000eb180000, 0x0000000100000000)
  eden space 3584K, 99% used [0x00000000eab00000,0x00000000eae7fff8,0x00000000eae80000)
  from space 1024K, 96% used [0x00000000eaf00000,0x00000000eaff8000,0x00000000eb000000)
  to   space 1536K, 0% used [0x00000000eb000000,0x00000000eb000000,0x00000000eb180000)
 ParOldGen       total 168448K, used 142378K [0x00000000c0000000, 0x00000000ca480000, 0x00000000eab00000)
  object space 168448K, 84% used [0x00000000c0000000,0x00000000c8b0a898,0x00000000ca480000)
 Metaspace       used 87574K, committed 88640K, reserved 1179648K
  class space    used 8800K, committed 9280K, reserved 1048576K
}
Event: 3799.260 GC heap after
{Heap after GC invocations=3842 (full 107):
 PSYoungGen      total 3072K, used 1510K [0x00000000eab00000, 0x00000000eb580000, 0x0000000100000000)
  eden space 1536K, 0% used [0x00000000eab00000,0x00000000eab00000,0x00000000eac80000)
  from space 1536K, 98% used [0x00000000eb000000,0x00000000eb179880,0x00000000eb180000)
  to   space 3584K, 0% used [0x00000000eac80000,0x00000000eac80000,0x00000000eb000000)
 ParOldGen       total 168448K, used 143679K [0x00000000c0000000, 0x00000000ca480000, 0x00000000eab00000)
  object space 168448K, 85% used [0x00000000c0000000,0x00000000c8c4fef8,0x00000000ca480000)
 Metaspace       used 87574K, committed 88640K, reserved 1179648K
  class space    used 8800K, committed 9280K, reserved 1048576K
}
Event: 3799.265 GC heap before
{Heap before GC invocations=3843 (full 107):
 PSYoungGen      total 3072K, used 3046K [0x00000000eab00000, 0x00000000eb580000, 0x0000000100000000)
  eden space 1536K, 100% used [0x00000000eab00000,0x00000000eac80000,0x00000000eac80000)
  from space 1536K, 98% used [0x00000000eb000000,0x00000000eb179880,0x00000000eb180000)
  to   space 3584K, 0% used [0x00000000eac80000,0x00000000eac80000,0x00000000eb000000)
 ParOldGen       total 168448K, used 143679K [0x00000000c0000000, 0x00000000ca480000, 0x00000000eab00000)
  object space 168448K, 85% used [0x00000000c0000000,0x00000000c8c4fef8,0x00000000ca480000)
 Metaspace       used 87574K, committed 88640K, reserved 1179648K
  class space    used 8800K, committed 9280K, reserved 1048576K
}
Event: 3799.270 GC heap after
{Heap after GC invocations=3843 (full 107):
 PSYoungGen      total 3072K, used 1248K [0x00000000eab00000, 0x00000000eb100000, 0x0000000100000000)
  eden space 1536K, 0% used [0x00000000eab00000,0x00000000eab00000,0x00000000eac80000)
  from space 1536K, 81% used [0x00000000eac80000,0x00000000eadb8000,0x00000000eae00000)
  to   space 2048K, 0% used [0x00000000eaf00000,0x00000000eaf00000,0x00000000eb100000)
 ParOldGen       total 168448K, used 145205K [0x00000000c0000000, 0x00000000ca480000, 0x00000000eab00000)
  object space 168448K, 86% used [0x00000000c0000000,0x00000000c8dcd778,0x00000000ca480000)
 Metaspace       used 87574K, committed 88640K, reserved 1179648K
  class space    used 8800K, committed 9280K, reserved 1048576K
}
Event: 3799.273 GC heap before
{Heap before GC invocations=3844 (full 107):
 PSYoungGen      total 3072K, used 2784K [0x00000000eab00000, 0x00000000eb100000, 0x0000000100000000)
  eden space 1536K, 100% used [0x00000000eab00000,0x00000000eac80000,0x00000000eac80000)
  from space 1536K, 81% used [0x00000000eac80000,0x00000000eadb8000,0x00000000eae00000)
  to   space 2048K, 0% used [0x00000000eaf00000,0x00000000eaf00000,0x00000000eb100000)
 ParOldGen       total 168448K, used 145205K [0x00000000c0000000, 0x00000000ca480000, 0x00000000eab00000)
  object space 168448K, 86% used [0x00000000c0000000,0x00000000c8dcd778,0x00000000ca480000)
 Metaspace       used 87574K, committed 88640K, reserved 1179648K
  class space    used 8800K, committed 9280K, reserved 1048576K
}

